app/build/outputs/logs/manifest-merger-debug-report.txt
-- Merging decision tree log ---
manifest
ADDED from src\main\AndroidManifest.xml:3:1-25:12
	package
		ADDED from src\main\AndroidManifest.xml:5:33-80
		INJECTED from src\main\AndroidManifest.xml
		INJECTED from src\main\AndroidManifest.xml
	android:versionName
		ADDED from src\main\AndroidManifest.xml:5:7-32
		INJECTED from src\main\AndroidManifest.xml
		INJECTED from src\main\AndroidManifest.xml
	android:versionCode
		ADDED from src\main\AndroidManifest.xml:4:7-30
		INJECTED from src\main\AndroidManifest.xml
		INJECTED from src\main\AndroidManifest.xml
	xmlns:android
		ADDED from src\main\AndroidManifest.xml:3:11-69
application
ADDED from src\main\AndroidManifest.xml:6:5-17:19
	android:label
		ADDED from src\main\AndroidManifest.xml:6:53-85
	android:icon
		ADDED from src\main\AndroidManifest.xml:6:18-52
activity#com.example.android.accelerometerplay.AccelerometerPlayActivity
ADDED from src\main\AndroidManifest.xml:7:9-15:20
	android:screenOrientation
		ADDED from src\main\AndroidManifest.xml:9:19-55
	android:label
		ADDED from src\main\AndroidManifest.xml:8:19-51
	android:theme
		ADDED from src\main\AndroidManifest.xml:10:19-77
	android:name
		ADDED from src\main\AndroidManifest.xml:7:19-60
intent-filter#android.intent.action.MAIN+android.intent.category.LAUNCHER
ADDED from src\main\AndroidManifest.xml:11:13-14:29
action#android.intent.action.MAIN
ADDED from src\main\AndroidManifest.xml:12:17-69
	android:name
		ADDED from src\main\AndroidManifest.xml:12:25-66
category#android.intent.category.LAUNCHER
ADDED from src\main\AndroidManifest.xml:13:17-77
	android:name
		ADDED from src\main\AndroidManifest.xml:13:27-74
uses-sdk
ADDED from src\main\AndroidManifest.xml:20:1-48
	android:targetSdkVersion
		INJECTED from src\main\AndroidManifest.xml
		INJECTED from src\main\AndroidManifest.xml
	android:minSdkVersion
		ADDED from src\main\AndroidManifest.xml:20:11-36
		INJECTED from src\main\AndroidManifest.xml
		INJECTED from src\main\AndroidManifest.xml
uses-permission#android.permission.VIBRATE
ADDED from src\main\AndroidManifest.xml:21:1-78
	android:name
		ADDED from src\main\AndroidManifest.xml:21:18-59
uses-permission#android.permission.WAKE_LOCK
ADDED from src\main\AndroidManifest.xml:23:1-80
	android:name
		ADDED from src\main\AndroidManifest.xml:23:18-61